\BOOKMARK [1][-]{Doc-Start}{Hello!}{}% 1
\BOOKMARK [1][-]{Doc-Start}{Welcome to CS251!}{}% 2
\BOOKMARK [2][-]{section*.1}{Topics}{Doc-Start}% 3
\BOOKMARK [1][-]{section*.1}{Logical Systems}{}% 4
\BOOKMARK [2][-]{Item.4}{The Languages}{section*.1}% 5
\BOOKMARK [2][-]{Item.4}{Metalanguage and Object Language}{section*.1}% 6
\BOOKMARK [2][-]{Item.4}{Object Languages in CS251}{section*.1}% 7
\BOOKMARK [2][-]{Item.4}{The Logic of the Metalanguage}{section*.1}% 8
\BOOKMARK [1][-]{Item.4}{The Propositional Logic}{}% 9
\BOOKMARK [2][-]{section*.2}{Logical Vocabulary}{Item.4}% 10
\BOOKMARK [2][-]{section*.2}{Syntax}{Item.4}% 11
\BOOKMARK [1][-]{section*.2}{Precision}{}% 12
\BOOKMARK [2][-]{section*.3}{Precision}{section*.2}% 13
\BOOKMARK [2][-]{section*.3}{Vagueness}{section*.2}% 14
\BOOKMARK [2][-]{section*.3}{Ambiguity}{section*.2}% 15
\BOOKMARK [1][-]{section*.3}{Exercises}{}% 16
\BOOKMARK [2][-]{section*.4}{Exercise 1}{section*.3}% 17
\BOOKMARK [2][-]{section*.4}{Exercise 2}{section*.3}% 18
\BOOKMARK [2][-]{section*.4}{Exercise 3}{section*.3}% 19
\BOOKMARK [2][-]{section*.4}{Exercise 4}{section*.3}% 20
\BOOKMARK [2][-]{section*.4}{Exercise 5}{section*.3}% 21
